vscode ➜ /workspaces/scaluq (use-stream) $ pip install .
Defaulting to user installation because normal site-packages is not writeable
Processing /workspaces/scaluq
  Installing build dependencies ... done
  Getting requirements to build wheel ... done
  Preparing metadata (pyproject.toml) ... done
Collecting scipy>=1.11.0
  Downloading scipy-1.15.3-cp310-cp310-manylinux_2_17_x86_64.manylinux2014_x86_64.whl (37.7 MB)
     ━━━━━━━━━━━━━━ 37.7/37.7 MB 10.2 MB/s eta 0:00:00
Collecting numpy>=1.22.0
  Downloading numpy-2.2.6-cp310-cp310-manylinux_2_17_x86_64.manylinux2014_x86_64.whl (16.8 MB)
     ━━━━━━━━━━━━━━ 16.8/16.8 MB 15.3 MB/s eta 0:00:00
Building wheels for collected packages: scaluq
  Building wheel for scaluq (pyproject.toml) ... error
  error: subprocess-exited-with-error
  
  × Building wheel for scaluq (pyproject.toml) did not run successfully.
  │ exit code: 1
  ╰─> [504 lines of output]
      *** scikit-build-core 0.11.6 using CMake 3.28.0 (wheel)
      *** Configuring CMake...
      loading initial cache file build/cp310-cp310-linux_x86_64/CMakeInit.txt
      -- The C compiler identification is GNU 13.1.0
      -- The CXX compiler identification is GNU 13.1.0
      -- Detecting C compiler ABI info
      -- Detecting C compiler ABI info - done
      -- Check for working C compiler: /usr/lib/ccache/gcc - skipped
      -- Detecting C compile features
      -- Detecting C compile features - done
      -- Detecting CXX compiler ABI info
      -- Detecting CXX compiler ABI info - done
      -- Check for working CXX compiler: /usr/lib/ccache/g++ - skipped
      -- Detecting CXX compile features
      -- Detecting CXX compile features - done
      -- CMAKE_C_COMPILER = /usr/lib/ccache/gcc
      -- CMAKE_CXX_COMPILER = /usr/lib/ccache/g++
      -- CMAKE_BUILD_TYPE = Release
      -- CMAKE_INSTALL_PREFIX = /tmp/tmp404jz0f6/wheel/platlib
      -- SCALUQ_USE_OMP = ON
      -- SCALUQ_USE_CUDA = OFF
      -- SCALUQ_CPU_NATIVE = ON
      -- SCALUQ_CPU_ARCH =
      -- SCALUQ_CUDA_ARCH =
      -- SCALUQ_FLOAT16 = OFF
      -- SCALUQ_FLOAT32 = ON
      -- SCALUQ_FLOAT64 = ON
      -- SCALUQ_BFLOAT16 = OFF
      -- SCALUQ_USE_TEST = OFF
      -- SCALUQ_USE_EXE = OFF
      -- Setting default Kokkos CXX standard to 17
      -- Kokkos version: 4.6.1
      -- The project name is: Kokkos
      -- Using internal gtest for testing
      -- Configured git information in /workspaces/scaluq/build/cp310-cp310-linux_x86_64/_deps/kokkos-build/generated/Kokkos_Version_Info.cpp
      -- Using -std=gnu++17 for C++17 extensions as feature
      -- SIMD: AVX2 detected
      -- Built-in Execution Spaces:
      --     Device Parallel: NoTypeDefined
      --     Host Parallel: Kokkos::OpenMP
      --       Host Serial: SERIAL
      --
      -- Architectures:
      --  NATIVE
      -- Found TPLLIBDL: /usr/include
      -- Found OpenMP_CXX: -fopenmp (found suitable version "4.5", minimum required is "3.0")
      -- Found OpenMP: TRUE (found suitable version "4.5", minimum required is "3.0") found components: CXX
      -- Using internal desul_atomics copy
      -- Experimental mdspan support is enabled
      -- Looking for C++ include experimental/mdspan
      -- Looking for C++ include experimental/mdspan - not found
      -- Looking for C++ include mdspan
      -- Looking for C++ include mdspan - not found
      -- Using internal mdspan directory /workspaces/scaluq/build/cp310-cp310-linux_x86_64/_deps/kokkos-src/tpls/mdspan/include
      -- Kokkos Backends: OPENMP;SERIAL
      --
      -- Configured Eigen 3.4.90
      --
      -- Using the multi-header code from /workspaces/scaluq/build/cp310-cp310-linux_x86_64/_deps/json-src/include/
      -- Found Python: /usr/bin/python3 (found suitable version "3.10.12", minimum required is "3.9") found components: Interpreter Development.Module Development.SABIModule
      -- Skip downloading googletest
      -- Building library for python...
      -- Configuring done (19.1s)
      -- Generating done (0.0s)
      -- Build files have been written to: /workspaces/scaluq/build/cp310-cp310-linux_x86_64
      *** Building project with Ninja...
      [1/112] Building CXX object CMakeFiles/scaluq_base.dir/src/base/util/utility.cpp.o
      [2/112] Building CXX object CMakeFiles/scaluq_base.dir/src/base/kokkos.cpp.o
      [3/112] Building CXX object CMakeFiles/scaluq_default_f32.dir/src/gate/update_ops_sparse_matrix.cpp.o
      [4/112] Building CXX object CMakeFiles/scaluq_default_f32.dir/src/util/utility.cpp.o
      [5/112] Building CXX object CMakeFiles/scaluq_default_f32.dir/src/gate/update_ops_dense_matrix.cpp.o
      [6/112] Building CXX object CMakeFiles/scaluq_default_f32.dir/src/types.cpp.o
      [7/112] Building CXX object CMakeFiles/scaluq_default_f32.dir/src/gate/update_ops_standard.cpp.o
      [8/112] Building CXX object CMakeFiles/scaluq_default_f32.dir/src/gate/gate_matrix.cpp.o
      [9/112] Building CXX object CMakeFiles/scaluq_default_f32.dir/src/operator/operator_batched.cpp.o
      [10/112] Building CXX object CMakeFiles/scaluq_default_f32.dir/src/circuit/circuit.cpp.o
      [11/112] Building CXX object CMakeFiles/scaluq_default_f32.dir/src/state/state_vector.cpp.o
      [12/112] Building CXX object CMakeFiles/scaluq_default_f32.dir/src/state/state_vector_batched.cpp.o
      [13/112] Building CXX object CMakeFiles/scaluq_default_f32.dir/src/gate/merge_gate.cpp.o
      [14/112] Building CXX object CMakeFiles/scaluq_default_f32.dir/src/operator/pauli_operator.cpp.o
      [15/112] Building CXX object CMakeFiles/scaluq_default_f32.dir/src/gate/gate_pauli.cpp.o
      [16/112] Building CXX object CMakeFiles/scaluq_default_f32.dir/src/gate/gate_probabilistic.cpp.o
      [17/112] Building CXX object CMakeFiles/scaluq_default_f32.dir/src/gate/gate.cpp.o
      [18/112] Building CXX object CMakeFiles/scaluq_default_f32.dir/src/gate/param_gate.cpp.o
      [19/112] Building CXX object CMakeFiles/scaluq_default_f32.dir/src/gate/gate_standard.cpp.o
      [20/112] Building CXX object CMakeFiles/scaluq_default_f32.dir/src/gate/param_gate_pauli.cpp.o
      [21/112] Building CXX object CMakeFiles/scaluq_default_f32.dir/src/gate/param_gate_standard.cpp.o
      [22/112] Building CXX object CMakeFiles/scaluq_default_f32.dir/src/gate/param_gate_probabilistic.cpp.o
      [23/112] Building CXX object CMakeFiles/scaluq_default_f32.dir/src/operator/operator.cpp.o
      [24/112] Building CXX object CMakeFiles/scaluq_default_f64.dir/src/gate/update_ops_sparse_matrix.cpp.o
      [25/112] Building CXX object CMakeFiles/scaluq_default_f64.dir/src/gate/update_ops_dense_matrix.cpp.o
      [26/112] Building CXX object CMakeFiles/scaluq_default_f64.dir/src/gate/gate_matrix.cpp.o
      [27/112] Building CXX object CMakeFiles/scaluq_default_f64.dir/src/gate/merge_gate.cpp.o
      [28/112] Building CXX object CMakeFiles/scaluq_default_f64.dir/src/gate/update_ops_standard.cpp.o
      [29/112] Building CXX object CMakeFiles/scaluq_default_f64.dir/src/types.cpp.o
      [30/112] Building CXX object CMakeFiles/scaluq_default_f64.dir/src/util/utility.cpp.o
      [31/112] Building CXX object CMakeFiles/scaluq_default_f64.dir/src/state/state_vector.cpp.o
      [32/112] Building CXX object CMakeFiles/scaluq_default_f64.dir/src/operator/pauli_operator.cpp.o
      [33/112] Building CXX object CMakeFiles/scaluq_default_f64.dir/src/gate/gate.cpp.o
      [34/112] Building CXX object CMakeFiles/scaluq_default_f64.dir/src/operator/operator_batched.cpp.o
      [35/112] Building CXX object CMakeFiles/scaluq_default_f64.dir/src/state/state_vector_batched.cpp.o
      [36/112] Building CXX object CMakeFiles/scaluq_default_f64.dir/src/gate/gate_pauli.cpp.o
      [37/112] Building CXX object CMakeFiles/scaluq_default_f64.dir/src/gate/gate_probabilistic.cpp.o
      [38/112] Building CXX object CMakeFiles/scaluq_default_f64.dir/src/circuit/circuit.cpp.o
      [39/112] Building CXX object CMakeFiles/scaluq_default_f64.dir/src/gate/gate_standard.cpp.o
      [40/112] Building CXX object CMakeFiles/scaluq_default_f64.dir/src/gate/param_gate_pauli.cpp.o
      [41/112] Building CXX object CMakeFiles/scaluq_default_f64.dir/src/gate/param_gate_probabilistic.cpp.o
      [42/112] Building CXX object CMakeFiles/scaluq_default_f64.dir/src/gate/param_gate.cpp.o
      [43/112] Building CXX object CMakeFiles/scaluq_default_f64.dir/src/gate/param_gate_standard.cpp.o
      [44/112] Building CXX object CMakeFiles/scaluq_host_serial_f32.dir/src/gate/update_ops_dense_matrix.cpp.o
      [45/112] Building CXX object CMakeFiles/scaluq_host_serial_f32.dir/src/gate/update_ops_sparse_matrix.cpp.o
      [46/112] Building CXX object CMakeFiles/scaluq_default_f64.dir/src/operator/operator.cpp.o
      [47/112] Building CXX object CMakeFiles/scaluq_host_serial_f32.dir/src/gate/update_ops_standard.cpp.o
      [48/112] Building CXX object CMakeFiles/scaluq_host_serial_f32.dir/src/gate/gate_matrix.cpp.o
      [49/112] Building CXX object CMakeFiles/scaluq_host_serial_f32.dir/src/types.cpp.o
      [50/112] Building CXX object CMakeFiles/scaluq_host_serial_f32.dir/src/state/state_vector_batched.cpp.o
      [51/112] Building CXX object CMakeFiles/scaluq_host_serial_f32.dir/src/operator/operator_batched.cpp.o
      [52/112] Building CXX object CMakeFiles/scaluq_host_serial_f32.dir/src/gate/merge_gate.cpp.o
      [53/112] Building CXX object CMakeFiles/scaluq_host_serial_f32.dir/src/util/utility.cpp.o
      [54/112] cd /workspaces/scaluq/build/cp310-cp310-linux_x86_64/_deps/kokkos-build && /opt/cmake-3.28.0/bin/cmake -DRUN_CHECK_GIT_VERSION=1 -DKOKKOS_SOURCE_DIR=/workspaces/scaluq/build/cp310-cp310-linux_x86_64/_deps/kokkos-src -P /workspaces/scaluq/build/cp310-cp310-linux_x86_64/_deps/kokkos-src/cmake/build_env_info.cmake
      -- Configured git information in /workspaces/scaluq/build/cp310-cp310-linux_x86_64/_deps/kokkos-build/generated/Kokkos_Version_Info.cpp
      [55/112] Building CXX object CMakeFiles/scaluq_host_serial_f32.dir/src/state/state_vector.cpp.o
      [56/112] Building CXX object _deps/kokkos-build/CMakeFiles/impl_git_version.dir/generated/Kokkos_Version_Info.cpp.o
      [57/112] Linking CXX static library _deps/kokkos-build/libimpl_git_version.a
      [58/112] Building CXX object _deps/kokkos-build/core/src/CMakeFiles/kokkoscore.dir/impl/Kokkos_Abort.cpp.o
      [59/112] Building CXX object _deps/kokkos-build/core/src/CMakeFiles/kokkoscore.dir/impl/Kokkos_CPUDiscovery.cpp.o
      [60/112] Building CXX object CMakeFiles/scaluq_host_serial_f64.dir/src/gate/update_ops_dense_matrix.cpp.o
      [61/112] Building CXX object CMakeFiles/scaluq_host_serial_f64.dir/src/gate/update_ops_standard.cpp.o
      [62/112] Building CXX object CMakeFiles/scaluq_host_serial_f64.dir/src/gate/update_ops_sparse_matrix.cpp.o
      [63/112] Building CXX object _deps/kokkos-build/core/src/CMakeFiles/kokkoscore.dir/impl/Kokkos_HostBarrier.cpp.o
      [64/112] Building CXX object CMakeFiles/scaluq_host_serial_f64.dir/src/gate/gate_matrix.cpp.o
      [65/112] Building CXX object _deps/kokkos-build/core/src/CMakeFiles/kokkoscore.dir/impl/Kokkos_Error.cpp.o
      [66/112] Building CXX object _deps/kokkos-build/core/src/CMakeFiles/kokkoscore.dir/impl/Kokkos_Command_Line_Parsing.cpp.o
      [67/112] Building CXX object _deps/kokkos-build/core/src/CMakeFiles/kokkoscore.dir/impl/Kokkos_HostThreadTeam.cpp.o
      [68/112] Building CXX object _deps/kokkos-build/core/src/CMakeFiles/kokkoscore.dir/impl/Kokkos_ExecPolicy.cpp.o
      [69/112] Building CXX object _deps/kokkos-build/core/src/CMakeFiles/kokkoscore.dir/impl/Kokkos_HostSpace.cpp.o
      [70/112] Building CXX object _deps/kokkos-build/core/src/CMakeFiles/kokkoscore.dir/impl/Kokkos_MemoryPool.cpp.o
      [71/112] Building CXX object _deps/kokkos-build/core/src/CMakeFiles/kokkoscore.dir/impl/Kokkos_HostSpace_deepcopy.cpp.o
      [72/112] Building CXX object _deps/kokkos-build/core/src/CMakeFiles/kokkoscore.dir/impl/Kokkos_Stacktrace.cpp.o
      [73/112] Building CXX object _deps/kokkos-build/core/src/CMakeFiles/kokkoscore.dir/impl/Kokkos_hwloc.cpp.o
      [74/112] Building CXX object _deps/kokkos-build/core/src/CMakeFiles/kokkoscore.dir/impl/Kokkos_Core.cpp.o
      [75/112] Building CXX object CMakeFiles/scaluq_host_serial_f64.dir/src/state/state_vector.cpp.o
      [76/112] Building CXX object CMakeFiles/scaluq_host_serial_f64.dir/src/gate/merge_gate.cpp.o
      [77/112] Building CXX object _deps/kokkos-build/core/src/CMakeFiles/kokkoscore.dir/impl/Kokkos_SharedAlloc.cpp.o
      [78/112] Building CXX object _deps/kokkos-build/simd/src/CMakeFiles/kokkossimd.dir/Kokkos_SIMD_dummy.cpp.o
      [79/112] Linking CXX static library _deps/kokkos-build/simd/src/libkokkossimd.a
      [80/112] Building CXX object CMakeFiles/scaluq_host_serial_f64.dir/src/state/state_vector_batched.cpp.o
      [81/112] Building CXX object _deps/kokkos-build/core/src/CMakeFiles/kokkoscore.dir/OpenMP/Kokkos_OpenMP.cpp.o
      [82/112] Building CXX object CMakeFiles/scaluq_host_serial_f64.dir/src/types.cpp.o
      [83/112] Building CXX object _deps/kokkos-build/core/src/CMakeFiles/kokkoscore.dir/OpenMP/Kokkos_OpenMP_Instance.cpp.o
      [84/112] Building CXX object _deps/kokkos-build/core/src/CMakeFiles/kokkoscore.dir/Serial/Kokkos_Serial.cpp.o
      [85/112] Building CXX object _deps/kokkos-build/core/src/CMakeFiles/kokkoscore.dir/OpenMP/Kokkos_OpenMP_Task.cpp.o
      [86/112] Building CXX object CMakeFiles/scaluq_host_serial_f32.dir/src/operator/operator.cpp.o
      [87/112] Building CXX object python/CMakeFiles/nanobind-static.dir/usr/local/lib/python3.10/dist-packages/nanobind/src/nb_internals.cpp.o
      [88/112] Building CXX object _deps/kokkos-build/core/src/CMakeFiles/kokkoscore.dir/Serial/Kokkos_Serial_Task.cpp.o
      [89/112] Building CXX object _deps/kokkos-build/containers/src/CMakeFiles/kokkoscontainers.dir/impl/Kokkos_UnorderedMap_impl.cpp.o
      [90/112] Building CXX object CMakeFiles/scaluq_host_serial_f64.dir/src/util/utility.cpp.o
      [91/112] Building CXX object CMakeFiles/scaluq_host_serial_f64.dir/src/operator/operator_batched.cpp.o
      [92/112] Building CXX object python/CMakeFiles/nanobind-static.dir/usr/local/lib/python3.10/dist-packages/nanobind/src/nb_ndarray.cpp.o
      [93/112] Building CXX object python/CMakeFiles/nanobind-static.dir/usr/local/lib/python3.10/dist-packages/nanobind/src/nb_static_property.cpp.o
      [94/112] Building CXX object python/CMakeFiles/nanobind-static.dir/usr/local/lib/python3.10/dist-packages/nanobind/src/nb_enum.cpp.o
      [95/112] Building CXX object python/CMakeFiles/nanobind-static.dir/usr/local/lib/python3.10/dist-packages/nanobind/src/nb_func.cpp.o
      [96/112] Building CXX object python/CMakeFiles/nanobind-static.dir/usr/local/lib/python3.10/dist-packages/nanobind/src/error.cpp.o
      [97/112] Building CXX object _deps/kokkos-build/core/src/CMakeFiles/kokkoscore.dir/impl/Kokkos_Profiling.cpp.o
      [98/112] Linking CXX static library _deps/kokkos-build/core/src/libkokkoscore.a
      [99/112] Linking CXX static library _deps/kokkos-build/containers/src/libkokkoscontainers.a
      [100/112] Building CXX object python/CMakeFiles/nanobind-static.dir/usr/local/lib/python3.10/dist-packages/nanobind/src/trampoline.cpp.o
      [101/112] Linking CXX static library libscaluq_base.a
      [102/112] Building CXX object python/CMakeFiles/nanobind-static.dir/usr/local/lib/python3.10/dist-packages/nanobind/src/nb_type.cpp.o
      [103/112] Linking CXX static library libscaluq_host_serial_f32.a
      [104/112] Building CXX object python/CMakeFiles/nanobind-static.dir/usr/local/lib/python3.10/dist-packages/nanobind/src/common.cpp.o
      [105/112] Linking CXX static library libscaluq_default_f32.a
      [106/112] Linking CXX static library libscaluq_default_f64.a
      [107/112] Building CXX object python/CMakeFiles/nanobind-static.dir/usr/local/lib/python3.10/dist-packages/nanobind/src/implicit.cpp.o
      [108/112] Linking CXX static library python/libnanobind-static.a
      [109/112] Building CXX object CMakeFiles/scaluq_host_serial_f64.dir/src/operator/operator.cpp.o
      [110/112] Linking CXX static library libscaluq_host_serial_f64.a
      [111/112] Building CXX object python/CMakeFiles/scaluq_core.dir/binding.cpp.o
      FAILED: python/CMakeFiles/scaluq_core.dir/binding.cpp.o
      /usr/lib/ccache/g++ -DKOKKOS_DEPENDENCE -DSCALUQ_FLOAT32 -DSCALUQ_FLOAT64 -Dscaluq_core_EXPORTS -I/workspaces/scaluq/include -I/workspaces/scaluq/build/cp310-cp310-linux_x86_64/_deps/eigen-src -I/usr/include/python3.10 -I/usr/local/lib/python3.10/dist-packages/nanobind/include -I/workspaces/scaluq/build/cp310-cp310-linux_x86_64/_deps/kokkos-build -I/workspaces/scaluq/build/cp310-cp310-linux_x86_64/_deps/kokkos-build/core/src -I/workspaces/scaluq/build/cp310-cp310-linux_x86_64/_deps/kokkos-src/core/src -I/workspaces/scaluq/build/cp310-cp310-linux_x86_64/_deps/kokkos-src/tpls/desul/include -I/workspaces/scaluq/build/cp310-cp310-linux_x86_64/_deps/kokkos-src/tpls/mdspan/include -I/workspaces/scaluq/build/cp310-cp310-linux_x86_64/_deps/kokkos-build/containers/src -I/workspaces/scaluq/build/cp310-cp310-linux_x86_64/_deps/kokkos-src/containers/src -I/workspaces/scaluq/build/cp310-cp310-linux_x86_64/_deps/kokkos-build/algorithms/src -I/workspaces/scaluq/build/cp310-cp310-linux_x86_64/_deps/kokkos-src/algorithms/src -I/workspaces/scaluq/build/cp310-cp310-linux_x86_64/_deps/kokkos-build/simd/src -I/workspaces/scaluq/build/cp310-cp310-linux_x86_64/_deps/kokkos-src/simd/src -I/workspaces/scaluq/build/cp310-cp310-linux_x86_64/_deps/json-src/include -O3 -DNDEBUG -std=gnu++23 -fPIC -fvisibility=hidden -fno-stack-protector -Os -ffunction-sections -fdata-sections -Wall -Wextra -Wunused-parameter -Wsign-compare -Wtype-limits -Wuninitialized -pthread -fopenmp -O3 -march=native -mtune=native -fopenmp -MD -MT python/CMakeFiles/scaluq_core.dir/binding.cpp.o -MF python/CMakeFiles/scaluq_core.dir/binding.cpp.o.d -o python/CMakeFiles/scaluq_core.dir/binding.cpp.o -c /workspaces/scaluq/python/binding.cpp
      In file included from /workspaces/scaluq/include/scaluq/circuit/../gate/gate.hpp:3,
                       from /workspaces/scaluq/include/scaluq/circuit/circuit.hpp:8,
                       from /workspaces/scaluq/include/scaluq/all.hpp:3,
                       from /workspaces/scaluq/python/binding.cpp:26:
      /workspaces/scaluq/include/scaluq/circuit/../gate/../state/state_vector.hpp: In instantiation of ‘void scaluq::internal::bind_state_state_vector_hpp(nanobind::module_&) [with scaluq::Precision Prec = scaluq::Precision::F32; scaluq::ExecutionSpace Space = scaluq::ExecutionSpace::Host]’:
      /workspaces/scaluq/python/binding.cpp:43:55:   required from ‘void bind_on_precision_and_space(nanobind::module_&, nanobind::class_<scaluq::internal::GatePtr<scaluq::internal::GateBase<Prec> > >&) [with scaluq::Precision Prec = scaluq::Precision::F32; scaluq::ExecutionSpace Space = scaluq::ExecutionSpace::Host]’
      /workspaces/scaluq/python/binding.cpp:110:77:   required from here
      /workspaces/scaluq/include/scaluq/circuit/../gate/../state/state_vector.hpp:157:18: error: class template argument deduction failed:
        157 |         .def(nb::init([](const ConcurrentStream& space, std::uint64_t n_qubits) {
            |                  ^~~~~~~~~~~~~~~~~~~~~~~~~~~~~~~~~~~~~~~~~~~~~~~~~~~~~~~~~~~~~~~~
        158 |                  return StateVector<Prec, Space>(space, n_qubits);
            |                  ~~~~~~~~~~~~~~~~~~~~~~~~~~~~~~~~~~~~~~~~~~~~~~~~~
        159 |              }),
            |              ~~
      /workspaces/scaluq/include/scaluq/circuit/../gate/../state/state_vector.hpp:157:18: error: no matching function for call to ‘init(scaluq::internal::bind_state_state_vector_hpp<scaluq::Precision::F32, scaluq::ExecutionSpace::Host>(nanobind::module_&)::<lambda(const scaluq::ConcurrentStream&, uint64_t)>)’
      In file included from /usr/local/lib/python3.10/dist-packages/nanobind/include/nanobind/nanobind.h:52,
                       from /usr/local/lib/python3.10/dist-packages/nanobind/include/nanobind/ndarray.h:15,
                       from /usr/local/lib/python3.10/dist-packages/nanobind/include/nanobind/eigen/dense.h:13,
                       from /workspaces/scaluq/python/binding.cpp:1:
      /usr/local/lib/python3.10/dist-packages/nanobind/include/nanobind/nb_class.h:316:15: note: candidate: ‘template<class ... Args> init()-> nanobind::init<Args>’
        316 |     NB_INLINE init() {}
            |               ^~~~
      /usr/local/lib/python3.10/dist-packages/nanobind/include/nanobind/nb_class.h:316:15: note:   template argument deduction/substitution failed:
      /workspaces/scaluq/include/scaluq/circuit/../gate/../state/state_vector.hpp:157:18: note:   candidate expects 0 arguments, 1 provided
        157 |         .def(nb::init([](const ConcurrentStream& space, std::uint64_t n_qubits) {
            |                  ^~~~~~~~~~~~~~~~~~~~~~~~~~~~~~~~~~~~~~~~~~~~~~~~~~~~~~~~~~~~~~~~
        158 |                  return StateVector<Prec, Space>(space, n_qubits);
            |                  ~~~~~~~~~~~~~~~~~~~~~~~~~~~~~~~~~~~~~~~~~~~~~~~~~
        159 |              }),
            |              ~~
      /usr/local/lib/python3.10/dist-packages/nanobind/include/nanobind/nb_class.h:314:36: note: candidate: ‘template<class ... Args> init(nanobind::init<Args>)-> nanobind::init<Args>’
        314 | template <typename... Args> struct init {
            |                                    ^~~~
      /usr/local/lib/python3.10/dist-packages/nanobind/include/nanobind/nb_class.h:314:36: note:   template argument deduction/substitution failed:
      /workspaces/scaluq/include/scaluq/circuit/../gate/../state/state_vector.hpp:157:18: note:   ‘scaluq::internal::bind_state_state_vector_hpp<scaluq::Precision::F32, scaluq::ExecutionSpace::Host>(nanobind::module_&)::<lambda(const scaluq::ConcurrentStream&, uint64_t)>’ is not derived from ‘nanobind::init<Args>’
        157 |         .def(nb::init([](const ConcurrentStream& space, std::uint64_t n_qubits) {
            |                  ^~~~~~~~~~~~~~~~~~~~~~~~~~~~~~~~~~~~~~~~~~~~~~~~~~~~~~~~~~~~~~~~
        158 |                  return StateVector<Prec, Space>(space, n_qubits);
            |                  ~~~~~~~~~~~~~~~~~~~~~~~~~~~~~~~~~~~~~~~~~~~~~~~~~
        159 |              }),
            |              ~~
      In file included from /workspaces/scaluq/include/scaluq/circuit/../gate/gate.hpp:4:
      /workspaces/scaluq/include/scaluq/circuit/../gate/../state/state_vector_batched.hpp: In instantiation of ‘void scaluq::internal::bind_state_state_vector_batched_hpp(nanobind::module_&) [with scaluq::Precision Prec = scaluq::Precision::F32; scaluq::ExecutionSpace Space = scaluq::ExecutionSpace::Host]’:
      /workspaces/scaluq/python/binding.cpp:44:63:   required from ‘void bind_on_precision_and_space(nanobind::module_&, nanobind::class_<scaluq::internal::GatePtr<scaluq::internal::GateBase<Prec> > >&) [with scaluq::Precision Prec = scaluq::Precision::F32; scaluq::ExecutionSpace Space = scaluq::ExecutionSpace::Host]’
      /workspaces/scaluq/python/binding.cpp:110:77:   required from here
      /workspaces/scaluq/include/scaluq/circuit/../gate/../state/state_vector_batched.hpp:217:18: error: class template argument deduction failed:
        217 |         .def(nb::init([](const ConcurrentStream& space,
            |                  ^~~~~~~~~~~~~~~~~~~~~~~~~~~~~~~~~~~~~~
        218 |                          std::uint64_t batch_size,
            |                          ~~~~~~~~~~~~~~~~~~~~~~~~~
        219 |                          std::uint64_t n_qubits) {
            |                          ~~~~~~~~~~~~~~~~~~~~~~~~~
        220 |                  return StateVectorBatched<Prec, Space>(space, batch_size, n_qubits);
            |                  ~~~~~~~~~~~~~~~~~~~~~~~~~~~~~~~~~~~~~~~~~~~~~~~~~~~~~~~~~~~~~~~~~~~~
        221 |              }),
            |              ~~
      /workspaces/scaluq/include/scaluq/circuit/../gate/../state/state_vector_batched.hpp:217:18: error: no matching function for call to ‘init(scaluq::internal::bind_state_state_vector_batched_hpp<scaluq::Precision::F32, scaluq::ExecutionSpace::Host>(nanobind::module_&)::<lambda(const scaluq::ConcurrentStream&, uint64_t, uint64_t)>)’
      /usr/local/lib/python3.10/dist-packages/nanobind/include/nanobind/nb_class.h:316:15: note: candidate: ‘template<class ... Args> init()-> nanobind::init<Args>’
        316 |     NB_INLINE init() {}
            |               ^~~~
      /usr/local/lib/python3.10/dist-packages/nanobind/include/nanobind/nb_class.h:316:15: note:   template argument deduction/substitution failed:
      /workspaces/scaluq/include/scaluq/circuit/../gate/../state/state_vector_batched.hpp:217:18: note:   candidate expects 0 arguments, 1 provided
        217 |         .def(nb::init([](const ConcurrentStream& space,
            |                  ^~~~~~~~~~~~~~~~~~~~~~~~~~~~~~~~~~~~~~
        218 |                          std::uint64_t batch_size,
            |                          ~~~~~~~~~~~~~~~~~~~~~~~~~
        219 |                          std::uint64_t n_qubits) {
            |                          ~~~~~~~~~~~~~~~~~~~~~~~~~
        220 |                  return StateVectorBatched<Prec, Space>(space, batch_size, n_qubits);
            |                  ~~~~~~~~~~~~~~~~~~~~~~~~~~~~~~~~~~~~~~~~~~~~~~~~~~~~~~~~~~~~~~~~~~~~
        221 |              }),
            |              ~~
      /usr/local/lib/python3.10/dist-packages/nanobind/include/nanobind/nb_class.h:314:36: note: candidate: ‘template<class ... Args> init(nanobind::init<Args>)-> nanobind::init<Args>’
        314 | template <typename... Args> struct init {
            |                                    ^~~~
      /usr/local/lib/python3.10/dist-packages/nanobind/include/nanobind/nb_class.h:314:36: note:   template argument deduction/substitution failed:
      /workspaces/scaluq/include/scaluq/circuit/../gate/../state/state_vector_batched.hpp:217:18: note:   ‘scaluq::internal::bind_state_state_vector_batched_hpp<scaluq::Precision::F32, scaluq::ExecutionSpace::Host>(nanobind::module_&)::<lambda(const scaluq::ConcurrentStream&, uint64_t, uint64_t)>’ is not derived from ‘nanobind::init<Args>’
        217 |         .def(nb::init([](const ConcurrentStream& space,
            |                  ^~~~~~~~~~~~~~~~~~~~~~~~~~~~~~~~~~~~~~
        218 |                          std::uint64_t batch_size,
            |                          ~~~~~~~~~~~~~~~~~~~~~~~~~
        219 |                          std::uint64_t n_qubits) {
            |                          ~~~~~~~~~~~~~~~~~~~~~~~~~
        220 |                  return StateVectorBatched<Prec, Space>(space, batch_size, n_qubits);
            |                  ~~~~~~~~~~~~~~~~~~~~~~~~~~~~~~~~~~~~~~~~~~~~~~~~~~~~~~~~~~~~~~~~~~~~
        221 |              }),
            |              ~~
      /workspaces/scaluq/include/scaluq/circuit/../gate/../state/state_vector.hpp: In instantiation of ‘void scaluq::internal::bind_state_state_vector_hpp(nanobind::module_&) [with scaluq::Precision Prec = scaluq::Precision::F32; scaluq::ExecutionSpace Space = scaluq::ExecutionSpace::HostSerial]’:
      /workspaces/scaluq/python/binding.cpp:43:55:   required from ‘void bind_on_precision_and_space(nanobind::module_&, nanobind::class_<scaluq::internal::GatePtr<scaluq::internal::GateBase<Prec> > >&) [with scaluq::Precision Prec = scaluq::Precision::F32; scaluq::ExecutionSpace Space = scaluq::ExecutionSpace::HostSerial]’
      /workspaces/scaluq/python/binding.cpp:118:80:   required from here
      /workspaces/scaluq/include/scaluq/circuit/../gate/../state/state_vector.hpp:157:18: error: class template argument deduction failed:
        157 |         .def(nb::init([](const ConcurrentStream& space, std::uint64_t n_qubits) {
            |                  ^~~~~~~~~~~~~~~~~~~~~~~~~~~~~~~~~~~~~~~~~~~~~~~~~~~~~~~~~~~~~~~~
        158 |                  return StateVector<Prec, Space>(space, n_qubits);
            |                  ~~~~~~~~~~~~~~~~~~~~~~~~~~~~~~~~~~~~~~~~~~~~~~~~~
        159 |              }),
            |              ~~
      /workspaces/scaluq/include/scaluq/circuit/../gate/../state/state_vector.hpp:157:18: error: no matching function for call to ‘init(scaluq::internal::bind_state_state_vector_hpp<scaluq::Precision::F32, scaluq::ExecutionSpace::HostSerial>(nanobind::module_&)::<lambda(const scaluq::ConcurrentStream&, uint64_t)>)’
      /usr/local/lib/python3.10/dist-packages/nanobind/include/nanobind/nb_class.h:316:15: note: candidate: ‘template<class ... Args> init()-> nanobind::init<Args>’
        316 |     NB_INLINE init() {}
            |               ^~~~
      /usr/local/lib/python3.10/dist-packages/nanobind/include/nanobind/nb_class.h:316:15: note:   template argument deduction/substitution failed:
      /workspaces/scaluq/include/scaluq/circuit/../gate/../state/state_vector.hpp:157:18: note:   candidate expects 0 arguments, 1 provided
        157 |         .def(nb::init([](const ConcurrentStream& space, std::uint64_t n_qubits) {
            |                  ^~~~~~~~~~~~~~~~~~~~~~~~~~~~~~~~~~~~~~~~~~~~~~~~~~~~~~~~~~~~~~~~
        158 |                  return StateVector<Prec, Space>(space, n_qubits);
            |                  ~~~~~~~~~~~~~~~~~~~~~~~~~~~~~~~~~~~~~~~~~~~~~~~~~
        159 |              }),
            |              ~~
      /usr/local/lib/python3.10/dist-packages/nanobind/include/nanobind/nb_class.h:314:36: note: candidate: ‘template<class ... Args> init(nanobind::init<Args>)-> nanobind::init<Args>’
        314 | template <typename... Args> struct init {
            |                                    ^~~~
      /usr/local/lib/python3.10/dist-packages/nanobind/include/nanobind/nb_class.h:314:36: note:   template argument deduction/substitution failed:
      /workspaces/scaluq/include/scaluq/circuit/../gate/../state/state_vector.hpp:157:18: note:   ‘scaluq::internal::bind_state_state_vector_hpp<scaluq::Precision::F32, scaluq::ExecutionSpace::HostSerial>(nanobind::module_&)::<lambda(const scaluq::ConcurrentStream&, uint64_t)>’ is not derived from ‘nanobind::init<Args>’
        157 |         .def(nb::init([](const ConcurrentStream& space, std::uint64_t n_qubits) {
            |                  ^~~~~~~~~~~~~~~~~~~~~~~~~~~~~~~~~~~~~~~~~~~~~~~~~~~~~~~~~~~~~~~~
        158 |                  return StateVector<Prec, Space>(space, n_qubits);
            |                  ~~~~~~~~~~~~~~~~~~~~~~~~~~~~~~~~~~~~~~~~~~~~~~~~~
        159 |              }),
            |              ~~
      /workspaces/scaluq/include/scaluq/circuit/../gate/../state/state_vector_batched.hpp: In instantiation of ‘void scaluq::internal::bind_state_state_vector_batched_hpp(nanobind::module_&) [with scaluq::Precision Prec = scaluq::Precision::F32; scaluq::ExecutionSpace Space = scaluq::ExecutionSpace::HostSerial]’:
      /workspaces/scaluq/python/binding.cpp:44:63:   required from ‘void bind_on_precision_and_space(nanobind::module_&, nanobind::class_<scaluq::internal::GatePtr<scaluq::internal::GateBase<Prec> > >&) [with scaluq::Precision Prec = scaluq::Precision::F32; scaluq::ExecutionSpace Space = scaluq::ExecutionSpace::HostSerial]’
      /workspaces/scaluq/python/binding.cpp:118:80:   required from here
      /workspaces/scaluq/include/scaluq/circuit/../gate/../state/state_vector_batched.hpp:217:18: error: class template argument deduction failed:
        217 |         .def(nb::init([](const ConcurrentStream& space,
            |                  ^~~~~~~~~~~~~~~~~~~~~~~~~~~~~~~~~~~~~~
        218 |                          std::uint64_t batch_size,
            |                          ~~~~~~~~~~~~~~~~~~~~~~~~~
        219 |                          std::uint64_t n_qubits) {
            |                          ~~~~~~~~~~~~~~~~~~~~~~~~~
        220 |                  return StateVectorBatched<Prec, Space>(space, batch_size, n_qubits);
            |                  ~~~~~~~~~~~~~~~~~~~~~~~~~~~~~~~~~~~~~~~~~~~~~~~~~~~~~~~~~~~~~~~~~~~~
        221 |              }),
            |              ~~
      /workspaces/scaluq/include/scaluq/circuit/../gate/../state/state_vector_batched.hpp:217:18: error: no matching function for call to ‘init(scaluq::internal::bind_state_state_vector_batched_hpp<scaluq::Precision::F32, scaluq::ExecutionSpace::HostSerial>(nanobind::module_&)::<lambda(const scaluq::ConcurrentStream&, uint64_t, uint64_t)>)’
      /usr/local/lib/python3.10/dist-packages/nanobind/include/nanobind/nb_class.h:316:15: note: candidate: ‘template<class ... Args> init()-> nanobind::init<Args>’
        316 |     NB_INLINE init() {}
            |               ^~~~
      /usr/local/lib/python3.10/dist-packages/nanobind/include/nanobind/nb_class.h:316:15: note:   template argument deduction/substitution failed:
      /workspaces/scaluq/include/scaluq/circuit/../gate/../state/state_vector_batched.hpp:217:18: note:   candidate expects 0 arguments, 1 provided
        217 |         .def(nb::init([](const ConcurrentStream& space,
            |                  ^~~~~~~~~~~~~~~~~~~~~~~~~~~~~~~~~~~~~~
        218 |                          std::uint64_t batch_size,
            |                          ~~~~~~~~~~~~~~~~~~~~~~~~~
        219 |                          std::uint64_t n_qubits) {
            |                          ~~~~~~~~~~~~~~~~~~~~~~~~~
        220 |                  return StateVectorBatched<Prec, Space>(space, batch_size, n_qubits);
            |                  ~~~~~~~~~~~~~~~~~~~~~~~~~~~~~~~~~~~~~~~~~~~~~~~~~~~~~~~~~~~~~~~~~~~~
        221 |              }),
            |              ~~
      /usr/local/lib/python3.10/dist-packages/nanobind/include/nanobind/nb_class.h:314:36: note: candidate: ‘template<class ... Args> init(nanobind::init<Args>)-> nanobind::init<Args>’
        314 | template <typename... Args> struct init {
            |                                    ^~~~
      /usr/local/lib/python3.10/dist-packages/nanobind/include/nanobind/nb_class.h:314:36: note:   template argument deduction/substitution failed:
      /workspaces/scaluq/include/scaluq/circuit/../gate/../state/state_vector_batched.hpp:217:18: note:   ‘scaluq::internal::bind_state_state_vector_batched_hpp<scaluq::Precision::F32, scaluq::ExecutionSpace::HostSerial>(nanobind::module_&)::<lambda(const scaluq::ConcurrentStream&, uint64_t, uint64_t)>’ is not derived from ‘nanobind::init<Args>’
        217 |         .def(nb::init([](const ConcurrentStream& space,
            |                  ^~~~~~~~~~~~~~~~~~~~~~~~~~~~~~~~~~~~~~
        218 |                          std::uint64_t batch_size,
            |                          ~~~~~~~~~~~~~~~~~~~~~~~~~
        219 |                          std::uint64_t n_qubits) {
            |                          ~~~~~~~~~~~~~~~~~~~~~~~~~
        220 |                  return StateVectorBatched<Prec, Space>(space, batch_size, n_qubits);
            |                  ~~~~~~~~~~~~~~~~~~~~~~~~~~~~~~~~~~~~~~~~~~~~~~~~~~~~~~~~~~~~~~~~~~~~
        221 |              }),
            |              ~~
      /workspaces/scaluq/include/scaluq/circuit/../gate/../state/state_vector.hpp: In instantiation of ‘void scaluq::internal::bind_state_state_vector_hpp(nanobind::module_&) [with scaluq::Precision Prec = scaluq::Precision::F64; scaluq::ExecutionSpace Space = scaluq::ExecutionSpace::Host]’:
      /workspaces/scaluq/python/binding.cpp:43:55:   required from ‘void bind_on_precision_and_space(nanobind::module_&, nanobind::class_<scaluq::internal::GatePtr<scaluq::internal::GateBase<Prec> > >&) [with scaluq::Precision Prec = scaluq::Precision::F64; scaluq::ExecutionSpace Space = scaluq::ExecutionSpace::Host]’
      /workspaces/scaluq/python/binding.cpp:128:77:   required from here
      /workspaces/scaluq/include/scaluq/circuit/../gate/../state/state_vector.hpp:157:18: error: class template argument deduction failed:
        157 |         .def(nb::init([](const ConcurrentStream& space, std::uint64_t n_qubits) {
            |                  ^~~~~~~~~~~~~~~~~~~~~~~~~~~~~~~~~~~~~~~~~~~~~~~~~~~~~~~~~~~~~~~~
        158 |                  return StateVector<Prec, Space>(space, n_qubits);
            |                  ~~~~~~~~~~~~~~~~~~~~~~~~~~~~~~~~~~~~~~~~~~~~~~~~~
        159 |              }),
            |              ~~
      /workspaces/scaluq/include/scaluq/circuit/../gate/../state/state_vector.hpp:157:18: error: no matching function for call to ‘init(scaluq::internal::bind_state_state_vector_hpp<scaluq::Precision::F64, scaluq::ExecutionSpace::Host>(nanobind::module_&)::<lambda(const scaluq::ConcurrentStream&, uint64_t)>)’
      /usr/local/lib/python3.10/dist-packages/nanobind/include/nanobind/nb_class.h:316:15: note: candidate: ‘template<class ... Args> init()-> nanobind::init<Args>’
        316 |     NB_INLINE init() {}
            |               ^~~~
      /usr/local/lib/python3.10/dist-packages/nanobind/include/nanobind/nb_class.h:316:15: note:   template argument deduction/substitution failed:
      /workspaces/scaluq/include/scaluq/circuit/../gate/../state/state_vector.hpp:157:18: note:   candidate expects 0 arguments, 1 provided
        157 |         .def(nb::init([](const ConcurrentStream& space, std::uint64_t n_qubits) {
            |                  ^~~~~~~~~~~~~~~~~~~~~~~~~~~~~~~~~~~~~~~~~~~~~~~~~~~~~~~~~~~~~~~~
        158 |                  return StateVector<Prec, Space>(space, n_qubits);
            |                  ~~~~~~~~~~~~~~~~~~~~~~~~~~~~~~~~~~~~~~~~~~~~~~~~~
        159 |              }),
            |              ~~
      /usr/local/lib/python3.10/dist-packages/nanobind/include/nanobind/nb_class.h:314:36: note: candidate: ‘template<class ... Args> init(nanobind::init<Args>)-> nanobind::init<Args>’
        314 | template <typename... Args> struct init {
            |                                    ^~~~
      /usr/local/lib/python3.10/dist-packages/nanobind/include/nanobind/nb_class.h:314:36: note:   template argument deduction/substitution failed:
      /workspaces/scaluq/include/scaluq/circuit/../gate/../state/state_vector.hpp:157:18: note:   ‘scaluq::internal::bind_state_state_vector_hpp<scaluq::Precision::F64, scaluq::ExecutionSpace::Host>(nanobind::module_&)::<lambda(const scaluq::ConcurrentStream&, uint64_t)>’ is not derived from ‘nanobind::init<Args>’
        157 |         .def(nb::init([](const ConcurrentStream& space, std::uint64_t n_qubits) {
            |                  ^~~~~~~~~~~~~~~~~~~~~~~~~~~~~~~~~~~~~~~~~~~~~~~~~~~~~~~~~~~~~~~~
        158 |                  return StateVector<Prec, Space>(space, n_qubits);
            |                  ~~~~~~~~~~~~~~~~~~~~~~~~~~~~~~~~~~~~~~~~~~~~~~~~~
        159 |              }),
            |              ~~
      /workspaces/scaluq/include/scaluq/circuit/../gate/../state/state_vector_batched.hpp: In instantiation of ‘void scaluq::internal::bind_state_state_vector_batched_hpp(nanobind::module_&) [with scaluq::Precision Prec = scaluq::Precision::F64; scaluq::ExecutionSpace Space = scaluq::ExecutionSpace::Host]’:
      /workspaces/scaluq/python/binding.cpp:44:63:   required from ‘void bind_on_precision_and_space(nanobind::module_&, nanobind::class_<scaluq::internal::GatePtr<scaluq::internal::GateBase<Prec> > >&) [with scaluq::Precision Prec = scaluq::Precision::F64; scaluq::ExecutionSpace Space = scaluq::ExecutionSpace::Host]’
      /workspaces/scaluq/python/binding.cpp:128:77:   required from here
      /workspaces/scaluq/include/scaluq/circuit/../gate/../state/state_vector_batched.hpp:217:18: error: class template argument deduction failed:
        217 |         .def(nb::init([](const ConcurrentStream& space,
            |                  ^~~~~~~~~~~~~~~~~~~~~~~~~~~~~~~~~~~~~~
        218 |                          std::uint64_t batch_size,
            |                          ~~~~~~~~~~~~~~~~~~~~~~~~~
        219 |                          std::uint64_t n_qubits) {
            |                          ~~~~~~~~~~~~~~~~~~~~~~~~~
        220 |                  return StateVectorBatched<Prec, Space>(space, batch_size, n_qubits);
            |                  ~~~~~~~~~~~~~~~~~~~~~~~~~~~~~~~~~~~~~~~~~~~~~~~~~~~~~~~~~~~~~~~~~~~~
        221 |              }),
            |              ~~
      /workspaces/scaluq/include/scaluq/circuit/../gate/../state/state_vector_batched.hpp:217:18: error: no matching function for call to ‘init(scaluq::internal::bind_state_state_vector_batched_hpp<scaluq::Precision::F64, scaluq::ExecutionSpace::Host>(nanobind::module_&)::<lambda(const scaluq::ConcurrentStream&, uint64_t, uint64_t)>)’
      /usr/local/lib/python3.10/dist-packages/nanobind/include/nanobind/nb_class.h:316:15: note: candidate: ‘template<class ... Args> init()-> nanobind::init<Args>’
        316 |     NB_INLINE init() {}
            |               ^~~~
      /usr/local/lib/python3.10/dist-packages/nanobind/include/nanobind/nb_class.h:316:15: note:   template argument deduction/substitution failed:
      /workspaces/scaluq/include/scaluq/circuit/../gate/../state/state_vector_batched.hpp:217:18: note:   candidate expects 0 arguments, 1 provided
        217 |         .def(nb::init([](const ConcurrentStream& space,
            |                  ^~~~~~~~~~~~~~~~~~~~~~~~~~~~~~~~~~~~~~
        218 |                          std::uint64_t batch_size,
            |                          ~~~~~~~~~~~~~~~~~~~~~~~~~
        219 |                          std::uint64_t n_qubits) {
            |                          ~~~~~~~~~~~~~~~~~~~~~~~~~
        220 |                  return StateVectorBatched<Prec, Space>(space, batch_size, n_qubits);
            |                  ~~~~~~~~~~~~~~~~~~~~~~~~~~~~~~~~~~~~~~~~~~~~~~~~~~~~~~~~~~~~~~~~~~~~
        221 |              }),
            |              ~~
      /usr/local/lib/python3.10/dist-packages/nanobind/include/nanobind/nb_class.h:314:36: note: candidate: ‘template<class ... Args> init(nanobind::init<Args>)-> nanobind::init<Args>’
        314 | template <typename... Args> struct init {
            |                                    ^~~~
      /usr/local/lib/python3.10/dist-packages/nanobind/include/nanobind/nb_class.h:314:36: note:   template argument deduction/substitution failed:
      /workspaces/scaluq/include/scaluq/circuit/../gate/../state/state_vector_batched.hpp:217:18: note:   ‘scaluq::internal::bind_state_state_vector_batched_hpp<scaluq::Precision::F64, scaluq::ExecutionSpace::Host>(nanobind::module_&)::<lambda(const scaluq::ConcurrentStream&, uint64_t, uint64_t)>’ is not derived from ‘nanobind::init<Args>’
        217 |         .def(nb::init([](const ConcurrentStream& space,
            |                  ^~~~~~~~~~~~~~~~~~~~~~~~~~~~~~~~~~~~~~
        218 |                          std::uint64_t batch_size,
            |                          ~~~~~~~~~~~~~~~~~~~~~~~~~
        219 |                          std::uint64_t n_qubits) {
            |                          ~~~~~~~~~~~~~~~~~~~~~~~~~
        220 |                  return StateVectorBatched<Prec, Space>(space, batch_size, n_qubits);
            |                  ~~~~~~~~~~~~~~~~~~~~~~~~~~~~~~~~~~~~~~~~~~~~~~~~~~~~~~~~~~~~~~~~~~~~
        221 |              }),
            |              ~~
      /workspaces/scaluq/include/scaluq/circuit/../gate/../state/state_vector.hpp: In instantiation of ‘void scaluq::internal::bind_state_state_vector_hpp(nanobind::module_&) [with scaluq::Precision Prec = scaluq::Precision::F64; scaluq::ExecutionSpace Space = scaluq::ExecutionSpace::HostSerial]’:
      /workspaces/scaluq/python/binding.cpp:43:55:   required from ‘void bind_on_precision_and_space(nanobind::module_&, nanobind::class_<scaluq::internal::GatePtr<scaluq::internal::GateBase<Prec> > >&) [with scaluq::Precision Prec = scaluq::Precision::F64; scaluq::ExecutionSpace Space = scaluq::ExecutionSpace::HostSerial]’
      /workspaces/scaluq/python/binding.cpp:136:80:   required from here
      /workspaces/scaluq/include/scaluq/circuit/../gate/../state/state_vector.hpp:157:18: error: class template argument deduction failed:
        157 |         .def(nb::init([](const ConcurrentStream& space, std::uint64_t n_qubits) {
            |                  ^~~~~~~~~~~~~~~~~~~~~~~~~~~~~~~~~~~~~~~~~~~~~~~~~~~~~~~~~~~~~~~~
        158 |                  return StateVector<Prec, Space>(space, n_qubits);
            |                  ~~~~~~~~~~~~~~~~~~~~~~~~~~~~~~~~~~~~~~~~~~~~~~~~~
        159 |              }),
            |              ~~
      /workspaces/scaluq/include/scaluq/circuit/../gate/../state/state_vector.hpp:157:18: error: no matching function for call to ‘init(scaluq::internal::bind_state_state_vector_hpp<scaluq::Precision::F64, scaluq::ExecutionSpace::HostSerial>(nanobind::module_&)::<lambda(const scaluq::ConcurrentStream&, uint64_t)>)’
      /usr/local/lib/python3.10/dist-packages/nanobind/include/nanobind/nb_class.h:316:15: note: candidate: ‘template<class ... Args> init()-> nanobind::init<Args>’
        316 |     NB_INLINE init() {}
            |               ^~~~
      /usr/local/lib/python3.10/dist-packages/nanobind/include/nanobind/nb_class.h:316:15: note:   template argument deduction/substitution failed:
      /workspaces/scaluq/include/scaluq/circuit/../gate/../state/state_vector.hpp:157:18: note:   candidate expects 0 arguments, 1 provided
        157 |         .def(nb::init([](const ConcurrentStream& space, std::uint64_t n_qubits) {
            |                  ^~~~~~~~~~~~~~~~~~~~~~~~~~~~~~~~~~~~~~~~~~~~~~~~~~~~~~~~~~~~~~~~
        158 |                  return StateVector<Prec, Space>(space, n_qubits);
            |                  ~~~~~~~~~~~~~~~~~~~~~~~~~~~~~~~~~~~~~~~~~~~~~~~~~
        159 |              }),
            |              ~~
      /usr/local/lib/python3.10/dist-packages/nanobind/include/nanobind/nb_class.h:314:36: note: candidate: ‘template<class ... Args> init(nanobind::init<Args>)-> nanobind::init<Args>’
        314 | template <typename... Args> struct init {
            |                                    ^~~~
      /usr/local/lib/python3.10/dist-packages/nanobind/include/nanobind/nb_class.h:314:36: note:   template argument deduction/substitution failed:
      /workspaces/scaluq/include/scaluq/circuit/../gate/../state/state_vector.hpp:157:18: note:   ‘scaluq::internal::bind_state_state_vector_hpp<scaluq::Precision::F64, scaluq::ExecutionSpace::HostSerial>(nanobind::module_&)::<lambda(const scaluq::ConcurrentStream&, uint64_t)>’ is not derived from ‘nanobind::init<Args>’
        157 |         .def(nb::init([](const ConcurrentStream& space, std::uint64_t n_qubits) {
            |                  ^~~~~~~~~~~~~~~~~~~~~~~~~~~~~~~~~~~~~~~~~~~~~~~~~~~~~~~~~~~~~~~~
        158 |                  return StateVector<Prec, Space>(space, n_qubits);
            |                  ~~~~~~~~~~~~~~~~~~~~~~~~~~~~~~~~~~~~~~~~~~~~~~~~~
        159 |              }),
            |              ~~
      /workspaces/scaluq/include/scaluq/circuit/../gate/../state/state_vector_batched.hpp: In instantiation of ‘void scaluq::internal::bind_state_state_vector_batched_hpp(nanobind::module_&) [with scaluq::Precision Prec = scaluq::Precision::F64; scaluq::ExecutionSpace Space = scaluq::ExecutionSpace::HostSerial]’:
      /workspaces/scaluq/python/binding.cpp:44:63:   required from ‘void bind_on_precision_and_space(nanobind::module_&, nanobind::class_<scaluq::internal::GatePtr<scaluq::internal::GateBase<Prec> > >&) [with scaluq::Precision Prec = scaluq::Precision::F64; scaluq::ExecutionSpace Space = scaluq::ExecutionSpace::HostSerial]’
      /workspaces/scaluq/python/binding.cpp:136:80:   required from here
      /workspaces/scaluq/include/scaluq/circuit/../gate/../state/state_vector_batched.hpp:217:18: error: class template argument deduction failed:
        217 |         .def(nb::init([](const ConcurrentStream& space,
            |                  ^~~~~~~~~~~~~~~~~~~~~~~~~~~~~~~~~~~~~~
        218 |                          std::uint64_t batch_size,
            |                          ~~~~~~~~~~~~~~~~~~~~~~~~~
        219 |                          std::uint64_t n_qubits) {
            |                          ~~~~~~~~~~~~~~~~~~~~~~~~~
        220 |                  return StateVectorBatched<Prec, Space>(space, batch_size, n_qubits);
            |                  ~~~~~~~~~~~~~~~~~~~~~~~~~~~~~~~~~~~~~~~~~~~~~~~~~~~~~~~~~~~~~~~~~~~~
        221 |              }),
            |              ~~
      /workspaces/scaluq/include/scaluq/circuit/../gate/../state/state_vector_batched.hpp:217:18: error: no matching function for call to ‘init(scaluq::internal::bind_state_state_vector_batched_hpp<scaluq::Precision::F64, scaluq::ExecutionSpace::HostSerial>(nanobind::module_&)::<lambda(const scaluq::ConcurrentStream&, uint64_t, uint64_t)>)’
      /usr/local/lib/python3.10/dist-packages/nanobind/include/nanobind/nb_class.h:316:15: note: candidate: ‘template<class ... Args> init()-> nanobind::init<Args>’
        316 |     NB_INLINE init() {}
            |               ^~~~
      /usr/local/lib/python3.10/dist-packages/nanobind/include/nanobind/nb_class.h:316:15: note:   template argument deduction/substitution failed:
      /workspaces/scaluq/include/scaluq/circuit/../gate/../state/state_vector_batched.hpp:217:18: note:   candidate expects 0 arguments, 1 provided
        217 |         .def(nb::init([](const ConcurrentStream& space,
            |                  ^~~~~~~~~~~~~~~~~~~~~~~~~~~~~~~~~~~~~~
        218 |                          std::uint64_t batch_size,
            |                          ~~~~~~~~~~~~~~~~~~~~~~~~~
        219 |                          std::uint64_t n_qubits) {
            |                          ~~~~~~~~~~~~~~~~~~~~~~~~~
        220 |                  return StateVectorBatched<Prec, Space>(space, batch_size, n_qubits);
            |                  ~~~~~~~~~~~~~~~~~~~~~~~~~~~~~~~~~~~~~~~~~~~~~~~~~~~~~~~~~~~~~~~~~~~~
        221 |              }),
            |              ~~
      /usr/local/lib/python3.10/dist-packages/nanobind/include/nanobind/nb_class.h:314:36: note: candidate: ‘template<class ... Args> init(nanobind::init<Args>)-> nanobind::init<Args>’
        314 | template <typename... Args> struct init {
            |                                    ^~~~
      /usr/local/lib/python3.10/dist-packages/nanobind/include/nanobind/nb_class.h:314:36: note:   template argument deduction/substitution failed:
      /workspaces/scaluq/include/scaluq/circuit/../gate/../state/state_vector_batched.hpp:217:18: note:   ‘scaluq::internal::bind_state_state_vector_batched_hpp<scaluq::Precision::F64, scaluq::ExecutionSpace::HostSerial>(nanobind::module_&)::<lambda(const scaluq::ConcurrentStream&, uint64_t, uint64_t)>’ is not derived from ‘nanobind::init<Args>’
        217 |         .def(nb::init([](const ConcurrentStream& space,
            |                  ^~~~~~~~~~~~~~~~~~~~~~~~~~~~~~~~~~~~~~
        218 |                          std::uint64_t batch_size,
            |                          ~~~~~~~~~~~~~~~~~~~~~~~~~
        219 |                          std::uint64_t n_qubits) {
            |                          ~~~~~~~~~~~~~~~~~~~~~~~~~
        220 |                  return StateVectorBatched<Prec, Space>(space, batch_size, n_qubits);
            |                  ~~~~~~~~~~~~~~~~~~~~~~~~~~~~~~~~~~~~~~~~~~~~~~~~~~~~~~~~~~~~~~~~~~~~
        221 |              }),
            |              ~~
      ninja: build stopped: subcommand failed.
      
      *** CMake build failed
      [end of output]
  
  note: This error originates from a subprocess, and is likely not a problem with pip.
  ERROR: Failed building wheel for scaluq
Failed to build scaluq
ERROR: Could not build wheels for scaluq, which is required to install pyproject.toml-based projects
vscode ➜ /workspaces/scaluq (use-stream) $ 
